<?xml version="1.0" encoding="UTF-8"?>
<!-- Generated by org.testng.reporters.JUnitReportReporter -->
<testsuite name="com.eaton.electricalhydraulic.testscripts.TS1_Accounts" tests="20" time="2725.948" ignored="0" failures="0" timestamp="29 Sep 2017 12:38:54 GMT" skipped="17" hostname="PN-MCMINI-022.local" errors="2">
  <testcase name="TC004_EditAccountValidation" time="0.000" classname="com.eaton.electricalhydraulic.testscripts.TS1_Accounts">
    <skipped/>
  </testcase> <!-- TC004_EditAccountValidation -->
  <testcase name="TC008_acccountQuickActionAddContactNavigation" time="0.000" classname="com.eaton.electricalhydraulic.testscripts.TS1_Accounts">
    <skipped/>
  </testcase> <!-- TC008_acccountQuickActionAddContactNavigation -->
  <testcase name="TC0018_accountNameAdvanceSearch" time="0.000" classname="com.eaton.electricalhydraulic.testscripts.TS1_Accounts">
    <skipped/>
  </testcase> <!-- TC0018_accountNameAdvanceSearch -->
  <testcase name="TC000_login" time="37.067" classname="com.eaton.electricalhydraulic.testscripts.TS1_Accounts"/>
  <testcase name="TC0014_verifyMoreNavigationFromAccountDetails" time="0.000" classname="com.eaton.electricalhydraulic.testscripts.TS1_Accounts">
    <skipped/>
  </testcase> <!-- TC0014_verifyMoreNavigationFromAccountDetails -->
  <testcase name="TC002_addNewAccountValidation" time="0.000" classname="com.eaton.electricalhydraulic.testscripts.TS1_Accounts">
    <skipped/>
  </testcase> <!-- TC002_addNewAccountValidation -->
  <testcase name="TC005_favouriteAccount" time="0.000" classname="com.eaton.electricalhydraulic.testscripts.TS1_Accounts">
    <skipped/>
  </testcase> <!-- TC005_favouriteAccount -->
  <testcase name="TC0010_acccountQuickActionAddActivityNavigation" time="0.000" classname="com.eaton.electricalhydraulic.testscripts.TS1_Accounts">
    <skipped/>
  </testcase> <!-- TC0010_acccountQuickActionAddActivityNavigation -->
  <testcase name="TC003_EditAccount" time="0.000" classname="com.eaton.electricalhydraulic.testscripts.TS1_Accounts">
    <skipped/>
  </testcase> <!-- TC003_EditAccount -->
  <testcase name="TC009_acccountQuickActionAddOpportunityNavigation" time="0.000" classname="com.eaton.electricalhydraulic.testscripts.TS1_Accounts">
    <skipped/>
  </testcase> <!-- TC009_acccountQuickActionAddOpportunityNavigation -->
  <testcase name="TC0011_verifyOpportunityNavigationFromAccountDetails" time="0.000" classname="com.eaton.electricalhydraulic.testscripts.TS1_Accounts">
    <skipped/>
  </testcase> <!-- TC0011_verifyOpportunityNavigationFromAccountDetails -->
  <testcase name="TC006_acccountQuickActionEditAccounttNavigation" time="0.000" classname="com.eaton.electricalhydraulic.testscripts.TS1_Accounts">
    <skipped/>
  </testcase> <!-- TC006_acccountQuickActionEditAccounttNavigation -->
  <testcase name="TC007_acccountQuickActionMapNavigation" time="0.000" classname="com.eaton.electricalhydraulic.testscripts.TS1_Accounts">
    <skipped/>
  </testcase> <!-- TC007_acccountQuickActionMapNavigation -->
  <testcase name="TC0017_verifyNotesNavigationFromAccountDetails" time="0.000" classname="com.eaton.electricalhydraulic.testscripts.TS1_Accounts">
    <skipped/>
  </testcase> <!-- TC0017_verifyNotesNavigationFromAccountDetails -->
  <testcase name="TC0012_verifyContactsNavigationFromAccountDetails" time="0.000" classname="com.eaton.electricalhydraulic.testscripts.TS1_Accounts">
    <skipped/>
  </testcase> <!-- TC0012_verifyContactsNavigationFromAccountDetails -->
  <testcase name="TC0013_verifyActivitiesNavigationFromAccountDetails" time="0.000" classname="com.eaton.electricalhydraulic.testscripts.TS1_Accounts">
    <skipped/>
  </testcase> <!-- TC0013_verifyActivitiesNavigationFromAccountDetails -->
  <testcase name="TC001_addNewAccount" time="2688.881" classname="com.eaton.electricalhydraulic.testscripts.TS1_Accounts">
    <error type="org.openqa.selenium.remote.SessionNotFoundException" message="A session is either terminated or not started (WARNING: The server did not provide any stacktrace information)
Command duration or timeout: 6 milliseconds
Build info: version: &#039;2.53.1&#039;, revision: &#039;a36b8b1cd5757287168e54b817830adce9b0158d&#039;, time: &#039;2016-06-30 19:26:09&#039;
System info: host: &#039;PN-MCMINI-022.local&#039;, ip: &#039;10.128.104.153&#039;, os.name: &#039;Mac OS X&#039;, os.arch: &#039;x86_64&#039;, os.version: &#039;10.12&#039;, java.version: &#039;1.8.0_101&#039;
Driver info: io.appium.java_client.ios.IOSDriver
Capabilities [{networkConnectionEnabled=false, noReset=true, bundleId=com.speridian.Eaton.c360, xcodeConfigFile=/Users/ronit.joardar/Documents/workspace/EatonC360ElectricalHydraulicMobileApp/appium.xcconfig, databaseEnabled=false, deviceName=White iPad, updatedWDABundleId=com.pankanis.demos.WebDriverAgentRunner, platform=MAC, platformVersion=10.2.1, webStorageEnabled=false, locationContextEnabled=false, automationName=XCUITest, browserName=ios, takesScreenshot=true, javascriptEnabled=true, platformName=iOS, udid=5584d1445eaaef59daaa5c3de97189d8dbe0bde1}]
Session ID: 9bd5bba5-fe2d-4907-9eb0-2d1cf65b1729">
      <![CDATA[org.openqa.selenium.remote.SessionNotFoundException: A session is either terminated or not started (WARNING: The server did not provide any stacktrace information)
Command duration or timeout: 6 milliseconds
Build info: version: '2.53.1', revision: 'a36b8b1cd5757287168e54b817830adce9b0158d', time: '2016-06-30 19:26:09'
System info: host: 'PN-MCMINI-022.local', ip: '10.128.104.153', os.name: 'Mac OS X', os.arch: 'x86_64', os.version: '10.12', java.version: '1.8.0_101'
Driver info: io.appium.java_client.ios.IOSDriver
Capabilities [{networkConnectionEnabled=false, noReset=true, bundleId=com.speridian.Eaton.c360, xcodeConfigFile=/Users/ronit.joardar/Documents/workspace/EatonC360ElectricalHydraulicMobileApp/appium.xcconfig, databaseEnabled=false, deviceName=White iPad, updatedWDABundleId=com.pankanis.demos.WebDriverAgentRunner, platform=MAC, platformVersion=10.2.1, webStorageEnabled=false, locationContextEnabled=false, automationName=XCUITest, browserName=ios, takesScreenshot=true, javascriptEnabled=true, platformName=iOS, udid=5584d1445eaaef59daaa5c3de97189d8dbe0bde1}]
Session ID: 9bd5bba5-fe2d-4907-9eb0-2d1cf65b1729
	at sun.reflect.NativeConstructorAccessorImpl.newInstance0(Native Method)
	at sun.reflect.NativeConstructorAccessorImpl.newInstance(NativeConstructorAccessorImpl.java:62)
	at sun.reflect.DelegatingConstructorAccessorImpl.newInstance(DelegatingConstructorAccessorImpl.java:45)
	at java.lang.reflect.Constructor.newInstance(Constructor.java:423)
	at org.openqa.selenium.remote.ErrorHandler.createThrowable(ErrorHandler.java:206)
	at org.openqa.selenium.remote.ErrorHandler.throwIfResponseFailed(ErrorHandler.java:158)
	at org.openqa.selenium.remote.RemoteWebDriver.execute(RemoteWebDriver.java:678)
	at io.appium.java_client.DefaultGenericMobileDriver.execute(DefaultGenericMobileDriver.java:40)
	at io.appium.java_client.AppiumDriver.execute(AppiumDriver.java:1)
	at io.appium.java_client.ios.IOSDriver.execute(IOSDriver.java:1)
	at org.openqa.selenium.remote.RemoteWebDriver$RemoteWebDriverOptions$RemoteTimeouts.implicitlyWait(RemoteWebDriver.java:865)
	at io.appium.java_client.pagefactory.AppiumElementLocator.changeImplicitlyWaitTimeOut(AppiumElementLocator.java:75)
	at io.appium.java_client.pagefactory.AppiumElementLocator.waitFor(AppiumElementLocator.java:92)
	at io.appium.java_client.pagefactory.AppiumElementLocator.findElement(AppiumElementLocator.java:103)
	at io.appium.java_client.pagefactory.interceptors.InterceptorOfASingleElement.intercept(InterceptorOfASingleElement.java:57)
	at io.appium.java_client.ios.IOSElement$$EnhancerByCGLIB$$184e91dc.click(<generated>)
	at com.eaton.electricalhydraulic.ScreenLibrary.AccountAddLocators.addAccountButtonClick(AccountAddLocators.java:96)
	at com.eaton.electricalhydraulic.testscripts.TS1_Accounts.TC001_addNewAccount(TS1_Accounts.java:62)
	at sun.reflect.NativeMethodAccessorImpl.invoke0(Native Method)
	at sun.reflect.NativeMethodAccessorImpl.invoke(NativeMethodAccessorImpl.java:62)
	at sun.reflect.DelegatingMethodAccessorImpl.invoke(DelegatingMethodAccessorImpl.java:43)
	at java.lang.reflect.Method.invoke(Method.java:498)
	at org.testng.internal.MethodInvocationHelper.invokeMethod(MethodInvocationHelper.java:104)
	at org.testng.internal.Invoker.invokeMethod(Invoker.java:645)
	at org.testng.internal.Invoker.invokeTestMethod(Invoker.java:851)
	at org.testng.internal.Invoker.invokeTestMethods(Invoker.java:1177)
	at org.testng.internal.TestMethodWorker.invokeTestMethods(TestMethodWorker.java:129)
	at org.testng.internal.TestMethodWorker.run(TestMethodWorker.java:112)
	at org.testng.TestRunner.privateRun(TestRunner.java:756)
	at org.testng.TestRunner.run(TestRunner.java:610)
	at org.testng.SuiteRunner.runTest(SuiteRunner.java:387)
	at org.testng.SuiteRunner.runSequentially(SuiteRunner.java:382)
	at org.testng.SuiteRunner.privateRun(SuiteRunner.java:340)
	at org.testng.SuiteRunner.run(SuiteRunner.java:289)
	at org.testng.SuiteRunnerWorker.runSuite(SuiteRunnerWorker.java:52)
	at org.testng.SuiteRunnerWorker.run(SuiteRunnerWorker.java:86)
	at org.testng.TestNG.runSuitesSequentially(TestNG.java:1293)
	at org.testng.TestNG.runSuitesLocally(TestNG.java:1218)
	at org.testng.TestNG.runSuites(TestNG.java:1133)
	at org.testng.TestNG.run(TestNG.java:1104)
	at org.testng.remote.AbstractRemoteTestNG.run(AbstractRemoteTestNG.java:132)
	at org.testng.remote.RemoteTestNG.initAndRun(RemoteTestNG.java:230)
	at org.testng.remote.RemoteTestNG.main(RemoteTestNG.java:76)
]]>
    </error>
  </testcase> <!-- TC001_addNewAccount -->
  <testcase name="TC0016_verifyServiceRequestNavigationFromAccountDetails" time="0.000" classname="com.eaton.electricalhydraulic.testscripts.TS1_Accounts">
    <skipped/>
  </testcase> <!-- TC0016_verifyServiceRequestNavigationFromAccountDetails -->
  <testcase name="TC0015_verifyLeadsNavigationFromAccountDetails" time="0.000" classname="com.eaton.electricalhydraulic.testscripts.TS1_Accounts">
    <skipped/>
  </testcase> <!-- TC0015_verifyLeadsNavigationFromAccountDetails -->
  <testcase name="tear" time="0.000" classname="com.eaton.electricalhydraulic.testscripts.TS1_Accounts">
    <error type="org.openqa.selenium.remote.SessionNotFoundException" message="A session is either terminated or not started (WARNING: The server did not provide any stacktrace information)
Command duration or timeout: 8 milliseconds
Build info: version: &#039;2.53.1&#039;, revision: &#039;a36b8b1cd5757287168e54b817830adce9b0158d&#039;, time: &#039;2016-06-30 19:26:09&#039;
System info: host: &#039;PN-MCMINI-022.local&#039;, ip: &#039;10.128.104.153&#039;, os.name: &#039;Mac OS X&#039;, os.arch: &#039;x86_64&#039;, os.version: &#039;10.12&#039;, java.version: &#039;1.8.0_101&#039;
Driver info: io.appium.java_client.ios.IOSDriver
Capabilities [{networkConnectionEnabled=false, noReset=true, bundleId=com.speridian.Eaton.c360, xcodeConfigFile=/Users/ronit.joardar/Documents/workspace/EatonC360ElectricalHydraulicMobileApp/appium.xcconfig, databaseEnabled=false, deviceName=White iPad, updatedWDABundleId=com.pankanis.demos.WebDriverAgentRunner, platform=MAC, platformVersion=10.2.1, webStorageEnabled=false, locationContextEnabled=false, automationName=XCUITest, browserName=ios, takesScreenshot=true, javascriptEnabled=true, platformName=iOS, udid=5584d1445eaaef59daaa5c3de97189d8dbe0bde1}]
Session ID: 9bd5bba5-fe2d-4907-9eb0-2d1cf65b1729">
      <![CDATA[org.openqa.selenium.remote.SessionNotFoundException: A session is either terminated or not started (WARNING: The server did not provide any stacktrace information)
Command duration or timeout: 8 milliseconds
Build info: version: '2.53.1', revision: 'a36b8b1cd5757287168e54b817830adce9b0158d', time: '2016-06-30 19:26:09'
System info: host: 'PN-MCMINI-022.local', ip: '10.128.104.153', os.name: 'Mac OS X', os.arch: 'x86_64', os.version: '10.12', java.version: '1.8.0_101'
Driver info: io.appium.java_client.ios.IOSDriver
Capabilities [{networkConnectionEnabled=false, noReset=true, bundleId=com.speridian.Eaton.c360, xcodeConfigFile=/Users/ronit.joardar/Documents/workspace/EatonC360ElectricalHydraulicMobileApp/appium.xcconfig, databaseEnabled=false, deviceName=White iPad, updatedWDABundleId=com.pankanis.demos.WebDriverAgentRunner, platform=MAC, platformVersion=10.2.1, webStorageEnabled=false, locationContextEnabled=false, automationName=XCUITest, browserName=ios, takesScreenshot=true, javascriptEnabled=true, platformName=iOS, udid=5584d1445eaaef59daaa5c3de97189d8dbe0bde1}]
Session ID: 9bd5bba5-fe2d-4907-9eb0-2d1cf65b1729
	at sun.reflect.NativeConstructorAccessorImpl.newInstance0(Native Method)
	at sun.reflect.NativeConstructorAccessorImpl.newInstance(NativeConstructorAccessorImpl.java:62)
	at sun.reflect.DelegatingConstructorAccessorImpl.newInstance(DelegatingConstructorAccessorImpl.java:45)
	at java.lang.reflect.Constructor.newInstance(Constructor.java:423)
	at org.openqa.selenium.remote.ErrorHandler.createThrowable(ErrorHandler.java:206)
	at org.openqa.selenium.remote.ErrorHandler.throwIfResponseFailed(ErrorHandler.java:158)
	at org.openqa.selenium.remote.RemoteWebDriver.execute(RemoteWebDriver.java:678)
	at io.appium.java_client.DefaultGenericMobileDriver.execute(DefaultGenericMobileDriver.java:40)
	at io.appium.java_client.AppiumDriver.execute(AppiumDriver.java:235)
	at org.openqa.selenium.remote.RemoteWebDriver.getScreenshotAs(RemoteWebDriver.java:335)
	at com.eaton.electricalhydraulic.Utilities.Utility.captureScreenshot(Utility.java:71)
	at com.eaton.electricalhydraulic.TestBase.TestBase.tear(TestBase.java:266)
	at sun.reflect.NativeMethodAccessorImpl.invoke0(Native Method)
	at sun.reflect.NativeMethodAccessorImpl.invoke(NativeMethodAccessorImpl.java:62)
	at sun.reflect.DelegatingMethodAccessorImpl.invoke(DelegatingMethodAccessorImpl.java:43)
	at java.lang.reflect.Method.invoke(Method.java:498)
	at org.testng.internal.MethodInvocationHelper.invokeMethod(MethodInvocationHelper.java:104)
	at org.testng.internal.Invoker.invokeConfigurationMethod(Invoker.java:515)
	at org.testng.internal.Invoker.invokeConfigurations(Invoker.java:217)
	at org.testng.internal.Invoker.invokeMethod(Invoker.java:712)
	at org.testng.internal.Invoker.invokeTestMethod(Invoker.java:851)
	at org.testng.internal.Invoker.invokeTestMethods(Invoker.java:1177)
	at org.testng.internal.TestMethodWorker.invokeTestMethods(TestMethodWorker.java:129)
	at org.testng.internal.TestMethodWorker.run(TestMethodWorker.java:112)
	at org.testng.TestRunner.privateRun(TestRunner.java:756)
	at org.testng.TestRunner.run(TestRunner.java:610)
	at org.testng.SuiteRunner.runTest(SuiteRunner.java:387)
	at org.testng.SuiteRunner.runSequentially(SuiteRunner.java:382)
	at org.testng.SuiteRunner.privateRun(SuiteRunner.java:340)
	at org.testng.SuiteRunner.run(SuiteRunner.java:289)
	at org.testng.SuiteRunnerWorker.runSuite(SuiteRunnerWorker.java:52)
	at org.testng.SuiteRunnerWorker.run(SuiteRunnerWorker.java:86)
	at org.testng.TestNG.runSuitesSequentially(TestNG.java:1293)
	at org.testng.TestNG.runSuitesLocally(TestNG.java:1218)
	at org.testng.TestNG.runSuites(TestNG.java:1133)
	at org.testng.TestNG.run(TestNG.java:1104)
	at org.testng.remote.AbstractRemoteTestNG.run(AbstractRemoteTestNG.java:132)
	at org.testng.remote.RemoteTestNG.initAndRun(RemoteTestNG.java:230)
	at org.testng.remote.RemoteTestNG.main(RemoteTestNG.java:76)
]]>
    </error>
  </testcase> <!-- tear -->
</testsuite> <!-- com.eaton.electricalhydraulic.testscripts.TS1_Accounts -->
